[Fri, 12 Jul 2013 08:31:18 +0200] revision: 183
[Fri, 12 Jul 2013 08:31:38 +0200] revision: 183
[Fri, 12 Jul 2013 09:33:59 +0200] revision: 183
[Fri, 12 Jul 2013 12:10:48 +0200] revision: 183
[Fri, 12 Jul 2013 12:19:56 +0200] revision: 183
[Mon, 15 Jul 2013 09:55:57 +0200] revision: 183
[Mon, 15 Jul 2013 11:00:33 +0200] revision: 183
[Mon, 15 Jul 2013 11:26:46 +0200] revision: 183
[Mon, 15 Jul 2013 12:14:22 +0200] revision: 183
[Tue, 16 Jul 2013 08:53:40 +0200] revision: 183
[Fri, 19 Jul 2013 12:00:20 +0200] revision: 183
[Fri, 19 Jul 2013 12:00:40 +0200] revision: 183
[Fri, 19 Jul 2013 12:19:50 +0200] revision: 183
[Fri, 19 Jul 2013 12:20:08 +0200] revision: 183
[Fri, 19 Jul 2013 12:54:48 +0200] revision: 183
[Wed, 07 Aug 2013 10:19:38 +0000] revision: 186M
[Wed, 07 Aug 2013 10:35:22 +0000] revision: 186M
[Wed, 07 Aug 2013 10:36:25 +0000] revision: 186M
[Wed, 07 Aug 2013 10:40:30 +0000] revision: 186M
[Wed, 07 Aug 2013 10:41:07 +0000] revision: 186M
[Wed, 07 Aug 2013 10:41:18 +0000] revision: 186M
[Wed, 07 Aug 2013 12:42:02 +0200] revision: 186M
[Wed, 07 Aug 2013 14:27:27 +0200] revision: 186M
[Wed, 07 Aug 2013 14:36:20 +0200] revision: 186M
[Thu, 08 Aug 2013 09:32:18 +0200] revision: 186M
[Fri, 20 Sep 2013 09:03:22 +0200] revision: 196
[Fri, 20 Sep 2013 09:33:55 +0200] revision: 196
[Fri, 20 Sep 2013 10:27:23 +0200] revision: 196
[Fri, 20 Sep 2013 10:58:58 +0200] revision: 196
[Mon, 23 Sep 2013 09:49:23 +0200] revision: 196
[Mon, 23 Sep 2013 09:56:15 +0200] revision: 196
[Mon, 23 Sep 2013 10:40:56 +0200] revision: 196
[Mon, 23 Sep 2013 10:44:48 +0200] revision: 196
[Mon, 23 Sep 2013 16:51:56 +0200] revision: 196
[Mon, 23 Sep 2013 16:54:21 +0200] revision: 196
[Tue, 24 Sep 2013 09:25:04 +0200] revision: 196
[Tue, 24 Sep 2013 12:40:58 +0200] revision: 196
[Thu, 26 Sep 2013 08:46:46 +0200] revision: 196
[Mon, 30 Sep 2013 09:06:25 +0200] revision: [Tue, 08 Oct 2013 13:09:00 +0200] revision: [Tue, 08 Oct 2013 13:19:57 +0200] revision: [Fri, 11 Oct 2013 08:48:33 +0200] revision: [Fri, 11 Oct 2013 09:26:40 +0200] revision: [Fri, 11 Oct 2013 09:34:39 +0200] revision: [Fri, 11 Oct 2013 13:17:37 +0200] revision: [Tue, 15 Oct 2013 16:24:50 +0200] revision: [Wed, 16 Oct 2013 13:11:46 +0200] revision: [Wed, 16 Oct 2013 13:32:08 +0200] revision: [Fri, 18 Oct 2013 12:09:48 +0200] revision: [Thu, 24 Oct 2013 09:08:08 +0200] revision: [Tue, 29 Oct 2013 16:34:21 +0100] revision: [Tue, 29 Oct 2013 16:56:09 +0100] revision: [Tue, 17 Dec 2013 17:28:49 +0100] revision: 194:205M
[Tue, 17 Dec 2013 18:26:20 +0100] revision: 194:205M
[Tue, 04 Feb 2014 11:09:47 +0100] revision: [Thu, 24 Jul 2014 11:09:55 +0200] revision: [Thu, 24 Jul 2014 11:10:14 +0200] revision: [Thu, 24 Jul 2014 11:25:56 +0200] revision: [Thu, 24 Jul 2014 11:26:33 +0200] revision: [Thu, 24 Jul 2014 11:28:56 +0200] revision: [Thu, 24 Jul 2014 12:02:37 +0200] revision: [Thu, 24 Jul 2014 12:04:14 +0200] revision: [Thu, 24 Jul 2014 12:43:20 +0200] revision: [Fri, 26 Sep 2014 13:30:03 +0200] revision: [Fri, 26 Sep 2014 13:30:56 +0200] revision: [Tue, 28 Oct 2014 16:40:06 +0100] revision: [Tue, 28 Oct 2014 16:47:32 +0100] revision: [Tue, 28 Oct 2014 20:41:05 +0100] revision: [Tue, 28 Oct 2014 20:41:37 +0100] revision: [Tue, 28 Oct 2014 20:42:03 +0100] revision: [Wed, 29 Oct 2014 11:09:32 +0100] revision: [Wed, 29 Oct 2014 11:09:49 +0100] revision: [Wed, 29 Oct 2014 13:26:53 +0100] revision: [Wed, 29 Oct 2014 13:27:08 +0100] revision: [Tue, 18 Nov 2014 11:51:27 +0100] revision: [Tue, 18 Nov 2014 11:51:57 +0100] revision: [Tue, 18 Nov 2014 11:52:06 +0100] revision: [Fri, 19 Dec 2014 12:23:13 +0100] revision: [Fri, 19 Dec 2014 12:26:21 +0100] revision: [Tue, 31 Mar 2015 16:55:58 +0200] revision: [Tue, 31 Mar 2015 16:57:10 +0200] revision: [Tue, 31 Mar 2015 16:57:34 +0200] revision: [Tue, 31 Mar 2015 16:58:05 +0200] revision: [Tue, 31 Mar 2015 16:59:40 +0200] revision: bae7643 Setter de fso::modifiers modificado
[Tue, 31 Mar 2015 20:00:56 +0200] revision: 90a4c78 Adaptando a git el generator.log
